\BOOKMARK [1][-]{section.1}{\376\377\000B\001\060\000N\000A\000\040\000T\000A\000N\000I\000T\000I\000M\000I}{}% 1
\BOOKMARK [1][-]{section.2}{\376\377\000M\001\060\000M\000A\000R\001\060\000\040\000T\000A\000S\000A\000R\000I\000M}{}% 2
\BOOKMARK [1][-]{section.3}{\376\377\000Y\000A\000P\000I\000S\000A\000L\000\040\000S\001\060\000S\000T\000E\000M\000\040\000T\000A\000N\000I\000M\000I\000\040\000v\000e\000\040\000T\000A\000S\000A\000R\000I\000M\000I}{}% 3
\BOOKMARK [1][-]{section.4}{\376\377\000\307\001\060\000Z\001\060\000M\000L\000E\000R}{}% 4
\BOOKMARK [1][-]{section.5}{\376\377\000S\000o\000r\000u\000l\000a\000r}{}% 5
\BOOKMARK [2][-]{subsection.5.1}{\376\377\000S\000o\000r\000u\000\040\000I}{section.5}% 6
\BOOKMARK [3][-]{subsubsection.5.1.1}{\376\377\001\060\000k\000i\000z\000\040\000K\000u\000l\000e\000\040\000v\000e\000\040\000K\000\366\000p\000r\000\374\000\040\000S\000i\000s\000t\000e\000m\000i\000\040\000\046\000\040\000S\000i\000m\000e\000t\000r\000i\000\040\000v\000e\000\040\000D\000\374\000z\000e\000n\000l\000i\000l\000i\000k}{subsection.5.1}% 7
\BOOKMARK [3][-]{subsubsection.5.1.2}{\376\377\000Y\000e\000t\000e\000r\000l\000i\000\040\000Y\000a\000n\000a\000l\000\040\000R\000i\000j\000i\000t\000l\000i\000k\000\040\000\046\000\040\000S\000\374\000r\000e\000k\000l\000i\000\040\000Y\000\374\000k\000\040\000A\000k\000t\000a\000r\001\061\000m\001\061\000\040\000v\000e\000\040\000S\000\374\000n\000e\000k\000l\000i\000k}{subsection.5.1}% 8
\BOOKMARK [3][-]{subsubsection.5.1.3}{\376\377\000H\000a\000f\000i\000f\000l\000i\000k\000\040\000v\000e\000\040\000M\000a\000l\000z\000e\000m\000e}{subsection.5.1}% 9
\BOOKMARK [2][-]{subsection.5.2}{\376\377\000S\000o\000r\000u\000\040\000I\000I}{section.5}% 10
\BOOKMARK [2][-]{subsection.5.3}{\376\377\000S\000o\000r\000u\000\040\000I\000I\000I}{section.5}% 11
\BOOKMARK [2][-]{subsection.5.4}{\376\377\000S\000o\000r\000u\000\040\000I\000V}{section.5}% 12
\BOOKMARK [3][-]{subsubsection.5.4.1}{\376\377\000U\000y\000g\000u\000l\000a\000m\000a\000\040\000Z\000o\000r\000l\000u\001\037\000u}{subsection.5.4}% 13
\BOOKMARK [3][-]{subsubsection.5.4.2}{\376\377\000M\000a\000l\000i\000y\000e\000t}{subsection.5.4}% 14
\BOOKMARK [3][-]{subsubsection.5.4.3}{\376\377\000S\000e\000k\000t\000\366\000r\000e\000l\000\040\000S\000e\000b\000e\000p\000l\000e\000r}{subsection.5.4}% 15
\BOOKMARK [2][-]{subsection.5.5}{\376\377\000S\000o\000r\000u\000\040\000V}{section.5}% 16
\BOOKMARK [3][-]{subsubsection.5.5.1}{\376\377\000E\000D\000Y\000Y\000'\000n\000i\000n\000\040\000Y\000e\000t\000e\000r\000s\000i\000z\000l\000i\001\037\000i}{subsection.5.5}% 17
\BOOKMARK [3][-]{subsubsection.5.5.2}{\376\377\000M\000B\000Y\000'\000n\000i\000n\000\040\000T\000e\000r\000c\000i\000h\000\040\000G\000e\000r\000e\000k\000\347\000e\000s\000i}{subsection.5.5}% 18
\BOOKMARK [3][-]{subsubsection.5.5.3}{\376\377\000D\000o\001\037\000r\000u\000l\000a\000m\000a\000\040\000v\000e\000\040\000\326\000l\000\347\000e\000k\000l\000i\000\040\000M\000o\000d\000e\000l}{subsection.5.5}% 19
\BOOKMARK [2][-]{subsection.5.6}{\376\377\000S\000o\000r\000u\000\040\000V\000I}{section.5}% 20
\BOOKMARK [2][-]{subsection.5.7}{\376\377\000S\000o\000r\000u\000\040\000V\000I\000I}{section.5}% 21
\BOOKMARK [2][-]{subsection.5.8}{\376\377\000S\000o\000r\000u\000\040\000V\000I\000I\000I}{section.5}% 22
